<?xml version="1.0" encoding="UTF-8"?>
<!-- Generated by org.testng.reporters.JUnitReportReporter -->
<testsuite skipped="0" hostname="LAPTOP-P3FBMHIJ" name="qaclickacademymainproj.MavenJavaSubProj.SeleniumTest" tests="2" failures="0" timestamp="18 Mar 2022 13:14:01 GMT" time="0.029" errors="0">
  <testcase name="BrowserAutomation" time="0.026" classname="qaclickacademymainproj.MavenJavaSubProj.SeleniumTest"/>
  <testcase name="elementsUi" time="0.003" classname="qaclickacademymainproj.MavenJavaSubProj.SeleniumTest"/>
</testsuite> <!-- qaclickacademymainproj.MavenJavaSubProj.SeleniumTest -->
