<?xml version="1.0" encoding="UTF-8"?>
<!-- Generated by org.testng.reporters.JUnitReportReporter -->
<testsuite skipped="0" hostname="DESKTOP-2CTQUAO" name="qaclickacademymainproj.MavenJavaSubProj.AppiumTest" tests="2" failures="0" timestamp="13 Aug 2021 03:45:54 GMT" time="0.017" errors="0">
  <testcase name="IOSApps" time="0.017" classname="qaclickacademymainproj.MavenJavaSubProj.AppiumTest"/>
  <testcase name="NativeAppAndroid" time="0.000" classname="qaclickacademymainproj.MavenJavaSubProj.AppiumTest"/>
</testsuite> <!-- qaclickacademymainproj.MavenJavaSubProj.AppiumTest -->
