<?xml version="1.0" encoding="UTF-8"?>
<!-- Generated by org.testng.reporters.JUnitReportReporter -->
<testsuite skipped="0" hostname="DESKTOP-2CTQUAO" name="qaclickacademymainproj.MavenJavaSubProj.SeleniumTest" tests="2" failures="0" timestamp="13 Aug 2021 03:45:54 GMT" time="0.000" errors="0">
  <testcase name="elementsUi" time="0.000" classname="qaclickacademymainproj.MavenJavaSubProj.SeleniumTest"/>
  <testcase name="BrowserAutomation" time="0.000" classname="qaclickacademymainproj.MavenJavaSubProj.SeleniumTest"/>
</testsuite> <!-- qaclickacademymainproj.MavenJavaSubProj.SeleniumTest -->
