<?xml version="1.0" encoding="UTF-8"?>
<!-- Generated by org.testng.reporters.JUnitReportReporter -->
<testsuite skipped="0" hostname="DESKTOP-2CTQUAO" name="qaclickacademymainproj.MavenJavaSubProj.RestApiTest" tests="2" failures="0" timestamp="13 Aug 2021 03:45:54 GMT" time="0.001" errors="0">
  <testcase name="deleteTwitter" time="0.001" classname="qaclickacademymainproj.MavenJavaSubProj.RestApiTest"/>
  <testcase name="postJira" time="0.000" classname="qaclickacademymainproj.MavenJavaSubProj.RestApiTest"/>
</testsuite> <!-- qaclickacademymainproj.MavenJavaSubProj.RestApiTest -->
